ERROR - 2024-04-26 12:43:59 --> mysqli_sql_exception: Duplicate entry '0' for key 'PRIMARY' in /home/mit/InfoMachine/codeigniter/system/Database/MySQLi/Connection.php:308
Stack trace:
#0 /home/mit/InfoMachine/codeigniter/system/Database/MySQLi/Connection.php(308): mysqli->query()
#1 /home/mit/InfoMachine/codeigniter/system/Database/BaseConnection.php(722): CodeIgniter\Database\MySQLi\Connection->execute()
#2 /home/mit/InfoMachine/codeigniter/system/Database/BaseConnection.php(636): CodeIgniter\Database\BaseConnection->simpleQuery()
#3 /home/mit/InfoMachine/codeigniter/system/Database/BaseBuilder.php(2325): CodeIgniter\Database\BaseConnection->query()
#4 /home/mit/InfoMachine/codeigniter/system/Model.php(383): CodeIgniter\Database\BaseBuilder->insert()
#5 /home/mit/InfoMachine/codeigniter/system/BaseModel.php(840): CodeIgniter\Model->doInsert()
#6 /home/mit/InfoMachine/codeigniter/system/Model.php(791): CodeIgniter\BaseModel->insert()
#7 /home/mit/InfoMachine/codeigniter/app/Models/Machine.php(19): CodeIgniter\Model->insert()
#8 /home/mit/InfoMachine/codeigniter/app/Controllers/Main.php(31): App\Models\Machine->insertion()
#9 /home/mit/InfoMachine/codeigniter/system/CodeIgniter.php(933): App\Controllers\Main->inserer()
#10 /home/mit/InfoMachine/codeigniter/system/CodeIgniter.php(509): CodeIgniter\CodeIgniter->runController()
#11 /home/mit/InfoMachine/codeigniter/system/CodeIgniter.php(355): CodeIgniter\CodeIgniter->handleRequest()
#12 /home/mit/InfoMachine/codeigniter/system/Boot.php(312): CodeIgniter\CodeIgniter->run()
#13 /home/mit/InfoMachine/codeigniter/system/Boot.php(67): CodeIgniter\Boot::runCodeIgniter()
#14 /home/mit/InfoMachine/codeigniter/public/index.php(56): CodeIgniter\Boot::bootWeb()
#15 {main}
CRITICAL - 2024-04-26 12:43:59 --> CodeIgniter\Database\Exceptions\DatabaseException: Duplicate entry '0' for key 'PRIMARY'
[Method: POST, Route: insertion]
in SYSTEMPATH/Database/BaseConnection.php on line 676.
 1 SYSTEMPATH/Database/BaseBuilder.php(2325): CodeIgniter\Database\BaseConnection->query()
 2 SYSTEMPATH/Model.php(383): CodeIgniter\Database\BaseBuilder->insert()
 3 SYSTEMPATH/BaseModel.php(840): CodeIgniter\Model->doInsert()
 4 SYSTEMPATH/Model.php(791): CodeIgniter\BaseModel->insert()
 5 APPPATH/Models/Machine.php(19): CodeIgniter\Model->insert()
 6 APPPATH/Controllers/Main.php(31): App\Models\Machine->insertion()
 7 SYSTEMPATH/CodeIgniter.php(933): App\Controllers\Main->inserer()
 8 SYSTEMPATH/CodeIgniter.php(509): CodeIgniter\CodeIgniter->runController()
 9 SYSTEMPATH/CodeIgniter.php(355): CodeIgniter\CodeIgniter->handleRequest()
10 SYSTEMPATH/Boot.php(312): CodeIgniter\CodeIgniter->run()
11 SYSTEMPATH/Boot.php(67): CodeIgniter\Boot::runCodeIgniter()
12 FCPATH/index.php(56): CodeIgniter\Boot::bootWeb()
CRITICAL - 2024-04-26 12:43:59 --> [Caused by] CodeIgniter\Database\Exceptions\DatabaseException: Duplicate entry '0' for key 'PRIMARY'
in SYSTEMPATH/Database/MySQLi/Connection.php on line 313.
 1 SYSTEMPATH/Database/BaseConnection.php(722): CodeIgniter\Database\MySQLi\Connection->execute()
 2 SYSTEMPATH/Database/BaseConnection.php(636): CodeIgniter\Database\BaseConnection->simpleQuery()
 3 SYSTEMPATH/Database/BaseBuilder.php(2325): CodeIgniter\Database\BaseConnection->query()
 4 SYSTEMPATH/Model.php(383): CodeIgniter\Database\BaseBuilder->insert()
 5 SYSTEMPATH/BaseModel.php(840): CodeIgniter\Model->doInsert()
 6 SYSTEMPATH/Model.php(791): CodeIgniter\BaseModel->insert()
 7 APPPATH/Models/Machine.php(19): CodeIgniter\Model->insert()
 8 APPPATH/Controllers/Main.php(31): App\Models\Machine->insertion()
 9 SYSTEMPATH/CodeIgniter.php(933): App\Controllers\Main->inserer()
10 SYSTEMPATH/CodeIgniter.php(509): CodeIgniter\CodeIgniter->runController()
11 SYSTEMPATH/CodeIgniter.php(355): CodeIgniter\CodeIgniter->handleRequest()
12 SYSTEMPATH/Boot.php(312): CodeIgniter\CodeIgniter->run()
13 SYSTEMPATH/Boot.php(67): CodeIgniter\Boot::runCodeIgniter()
14 FCPATH/index.php(56): CodeIgniter\Boot::bootWeb()
CRITICAL - 2024-04-26 12:43:59 --> [Caused by] mysqli_sql_exception: Duplicate entry '0' for key 'PRIMARY'
in SYSTEMPATH/Database/MySQLi/Connection.php on line 308.
 1 SYSTEMPATH/Database/MySQLi/Connection.php(308): mysqli->query()
 2 SYSTEMPATH/Database/BaseConnection.php(722): CodeIgniter\Database\MySQLi\Connection->execute()
 3 SYSTEMPATH/Database/BaseConnection.php(636): CodeIgniter\Database\BaseConnection->simpleQuery()
 4 SYSTEMPATH/Database/BaseBuilder.php(2325): CodeIgniter\Database\BaseConnection->query()
 5 SYSTEMPATH/Model.php(383): CodeIgniter\Database\BaseBuilder->insert()
 6 SYSTEMPATH/BaseModel.php(840): CodeIgniter\Model->doInsert()
 7 SYSTEMPATH/Model.php(791): CodeIgniter\BaseModel->insert()
 8 APPPATH/Models/Machine.php(19): CodeIgniter\Model->insert()
 9 APPPATH/Controllers/Main.php(31): App\Models\Machine->insertion()
10 SYSTEMPATH/CodeIgniter.php(933): App\Controllers\Main->inserer()
11 SYSTEMPATH/CodeIgniter.php(509): CodeIgniter\CodeIgniter->runController()
12 SYSTEMPATH/CodeIgniter.php(355): CodeIgniter\CodeIgniter->handleRequest()
13 SYSTEMPATH/Boot.php(312): CodeIgniter\CodeIgniter->run()
14 SYSTEMPATH/Boot.php(67): CodeIgniter\Boot::runCodeIgniter()
15 FCPATH/index.php(56): CodeIgniter\Boot::bootWeb()
ERROR - 2024-04-26 12:51:40 --> mysqli_sql_exception: Duplicate entry 'azertyu' for key 'mac' in /home/mit/InfoMachine/codeigniter/system/Database/MySQLi/Connection.php:308
Stack trace:
#0 /home/mit/InfoMachine/codeigniter/system/Database/MySQLi/Connection.php(308): mysqli->query()
#1 /home/mit/InfoMachine/codeigniter/system/Database/BaseConnection.php(722): CodeIgniter\Database\MySQLi\Connection->execute()
#2 /home/mit/InfoMachine/codeigniter/system/Database/BaseConnection.php(636): CodeIgniter\Database\BaseConnection->simpleQuery()
#3 /home/mit/InfoMachine/codeigniter/system/Database/BaseBuilder.php(2325): CodeIgniter\Database\BaseConnection->query()
#4 /home/mit/InfoMachine/codeigniter/system/Model.php(383): CodeIgniter\Database\BaseBuilder->insert()
#5 /home/mit/InfoMachine/codeigniter/system/BaseModel.php(840): CodeIgniter\Model->doInsert()
#6 /home/mit/InfoMachine/codeigniter/system/Model.php(791): CodeIgniter\BaseModel->insert()
#7 /home/mit/InfoMachine/codeigniter/app/Models/Machine.php(19): CodeIgniter\Model->insert()
#8 /home/mit/InfoMachine/codeigniter/app/Controllers/Main.php(31): App\Models\Machine->insertion()
#9 /home/mit/InfoMachine/codeigniter/system/CodeIgniter.php(933): App\Controllers\Main->inserer()
#10 /home/mit/InfoMachine/codeigniter/system/CodeIgniter.php(509): CodeIgniter\CodeIgniter->runController()
#11 /home/mit/InfoMachine/codeigniter/system/CodeIgniter.php(355): CodeIgniter\CodeIgniter->handleRequest()
#12 /home/mit/InfoMachine/codeigniter/system/Boot.php(312): CodeIgniter\CodeIgniter->run()
#13 /home/mit/InfoMachine/codeigniter/system/Boot.php(67): CodeIgniter\Boot::runCodeIgniter()
#14 /home/mit/InfoMachine/codeigniter/public/index.php(56): CodeIgniter\Boot::bootWeb()
#15 {main}
CRITICAL - 2024-04-26 12:51:40 --> CodeIgniter\Database\Exceptions\DatabaseException: Duplicate entry 'azertyu' for key 'mac'
[Method: POST, Route: insertion]
in SYSTEMPATH/Database/BaseConnection.php on line 676.
 1 SYSTEMPATH/Database/BaseBuilder.php(2325): CodeIgniter\Database\BaseConnection->query()
 2 SYSTEMPATH/Model.php(383): CodeIgniter\Database\BaseBuilder->insert()
 3 SYSTEMPATH/BaseModel.php(840): CodeIgniter\Model->doInsert()
 4 SYSTEMPATH/Model.php(791): CodeIgniter\BaseModel->insert()
 5 APPPATH/Models/Machine.php(19): CodeIgniter\Model->insert()
 6 APPPATH/Controllers/Main.php(31): App\Models\Machine->insertion()
 7 SYSTEMPATH/CodeIgniter.php(933): App\Controllers\Main->inserer()
 8 SYSTEMPATH/CodeIgniter.php(509): CodeIgniter\CodeIgniter->runController()
 9 SYSTEMPATH/CodeIgniter.php(355): CodeIgniter\CodeIgniter->handleRequest()
10 SYSTEMPATH/Boot.php(312): CodeIgniter\CodeIgniter->run()
11 SYSTEMPATH/Boot.php(67): CodeIgniter\Boot::runCodeIgniter()
12 FCPATH/index.php(56): CodeIgniter\Boot::bootWeb()
CRITICAL - 2024-04-26 12:51:40 --> [Caused by] CodeIgniter\Database\Exceptions\DatabaseException: Duplicate entry 'azertyu' for key 'mac'
in SYSTEMPATH/Database/MySQLi/Connection.php on line 313.
 1 SYSTEMPATH/Database/BaseConnection.php(722): CodeIgniter\Database\MySQLi\Connection->execute()
 2 SYSTEMPATH/Database/BaseConnection.php(636): CodeIgniter\Database\BaseConnection->simpleQuery()
 3 SYSTEMPATH/Database/BaseBuilder.php(2325): CodeIgniter\Database\BaseConnection->query()
 4 SYSTEMPATH/Model.php(383): CodeIgniter\Database\BaseBuilder->insert()
 5 SYSTEMPATH/BaseModel.php(840): CodeIgniter\Model->doInsert()
 6 SYSTEMPATH/Model.php(791): CodeIgniter\BaseModel->insert()
 7 APPPATH/Models/Machine.php(19): CodeIgniter\Model->insert()
 8 APPPATH/Controllers/Main.php(31): App\Models\Machine->insertion()
 9 SYSTEMPATH/CodeIgniter.php(933): App\Controllers\Main->inserer()
10 SYSTEMPATH/CodeIgniter.php(509): CodeIgniter\CodeIgniter->runController()
11 SYSTEMPATH/CodeIgniter.php(355): CodeIgniter\CodeIgniter->handleRequest()
12 SYSTEMPATH/Boot.php(312): CodeIgniter\CodeIgniter->run()
13 SYSTEMPATH/Boot.php(67): CodeIgniter\Boot::runCodeIgniter()
14 FCPATH/index.php(56): CodeIgniter\Boot::bootWeb()
CRITICAL - 2024-04-26 12:51:40 --> [Caused by] mysqli_sql_exception: Duplicate entry 'azertyu' for key 'mac'
in SYSTEMPATH/Database/MySQLi/Connection.php on line 308.
 1 SYSTEMPATH/Database/MySQLi/Connection.php(308): mysqli->query()
 2 SYSTEMPATH/Database/BaseConnection.php(722): CodeIgniter\Database\MySQLi\Connection->execute()
 3 SYSTEMPATH/Database/BaseConnection.php(636): CodeIgniter\Database\BaseConnection->simpleQuery()
 4 SYSTEMPATH/Database/BaseBuilder.php(2325): CodeIgniter\Database\BaseConnection->query()
 5 SYSTEMPATH/Model.php(383): CodeIgniter\Database\BaseBuilder->insert()
 6 SYSTEMPATH/BaseModel.php(840): CodeIgniter\Model->doInsert()
 7 SYSTEMPATH/Model.php(791): CodeIgniter\BaseModel->insert()
 8 APPPATH/Models/Machine.php(19): CodeIgniter\Model->insert()
 9 APPPATH/Controllers/Main.php(31): App\Models\Machine->insertion()
10 SYSTEMPATH/CodeIgniter.php(933): App\Controllers\Main->inserer()
11 SYSTEMPATH/CodeIgniter.php(509): CodeIgniter\CodeIgniter->runController()
12 SYSTEMPATH/CodeIgniter.php(355): CodeIgniter\CodeIgniter->handleRequest()
13 SYSTEMPATH/Boot.php(312): CodeIgniter\CodeIgniter->run()
14 SYSTEMPATH/Boot.php(67): CodeIgniter\Boot::runCodeIgniter()
15 FCPATH/index.php(56): CodeIgniter\Boot::bootWeb()
CRITICAL - 2024-04-26 13:33:11 --> CodeIgniter\View\Exceptions\ViewException: Invalid file: "modification.php"
[Method: GET, Route: modification/2]
in SYSTEMPATH/Exceptions/FrameworkException.php on line 41.
 1 SYSTEMPATH/View/View.php(222): CodeIgniter\Exceptions\FrameworkException::forInvalidFile()
 2 SYSTEMPATH/Common.php(1171): CodeIgniter\View\View->render()
 3 APPPATH/Controllers/Main.php(66): view()
 4 SYSTEMPATH/CodeIgniter.php(933): App\Controllers\Main->modifier()
 5 SYSTEMPATH/CodeIgniter.php(509): CodeIgniter\CodeIgniter->runController()
 6 SYSTEMPATH/CodeIgniter.php(355): CodeIgniter\CodeIgniter->handleRequest()
 7 SYSTEMPATH/Boot.php(312): CodeIgniter\CodeIgniter->run()
 8 SYSTEMPATH/Boot.php(67): CodeIgniter\Boot::runCodeIgniter()
 9 FCPATH/index.php(56): CodeIgniter\Boot::bootWeb()
CRITICAL - 2024-04-26 13:33:13 --> CodeIgniter\View\Exceptions\ViewException: Invalid file: "modification.php"
[Method: GET, Route: modification/2]
in SYSTEMPATH/Exceptions/FrameworkException.php on line 41.
 1 SYSTEMPATH/View/View.php(222): CodeIgniter\Exceptions\FrameworkException::forInvalidFile()
 2 SYSTEMPATH/Common.php(1171): CodeIgniter\View\View->render()
 3 APPPATH/Controllers/Main.php(66): view()
 4 SYSTEMPATH/CodeIgniter.php(933): App\Controllers\Main->modifier()
 5 SYSTEMPATH/CodeIgniter.php(509): CodeIgniter\CodeIgniter->runController()
 6 SYSTEMPATH/CodeIgniter.php(355): CodeIgniter\CodeIgniter->handleRequest()
 7 SYSTEMPATH/Boot.php(312): CodeIgniter\CodeIgniter->run()
 8 SYSTEMPATH/Boot.php(67): CodeIgniter\Boot::runCodeIgniter()
 9 FCPATH/index.php(56): CodeIgniter\Boot::bootWeb()
CRITICAL - 2024-04-26 13:33:13 --> CodeIgniter\View\Exceptions\ViewException: Invalid file: "modification.php"
[Method: GET, Route: modification/2]
in SYSTEMPATH/Exceptions/FrameworkException.php on line 41.
 1 SYSTEMPATH/View/View.php(222): CodeIgniter\Exceptions\FrameworkException::forInvalidFile()
 2 SYSTEMPATH/Common.php(1171): CodeIgniter\View\View->render()
 3 APPPATH/Controllers/Main.php(66): view()
 4 SYSTEMPATH/CodeIgniter.php(933): App\Controllers\Main->modifier()
 5 SYSTEMPATH/CodeIgniter.php(509): CodeIgniter\CodeIgniter->runController()
 6 SYSTEMPATH/CodeIgniter.php(355): CodeIgniter\CodeIgniter->handleRequest()
 7 SYSTEMPATH/Boot.php(312): CodeIgniter\CodeIgniter->run()
 8 SYSTEMPATH/Boot.php(67): CodeIgniter\Boot::runCodeIgniter()
 9 FCPATH/index.php(56): CodeIgniter\Boot::bootWeb()
CRITICAL - 2024-04-26 13:33:16 --> CodeIgniter\View\Exceptions\ViewException: Invalid file: "modification.php"
[Method: GET, Route: modification/4]
in SYSTEMPATH/Exceptions/FrameworkException.php on line 41.
 1 SYSTEMPATH/View/View.php(222): CodeIgniter\Exceptions\FrameworkException::forInvalidFile()
 2 SYSTEMPATH/Common.php(1171): CodeIgniter\View\View->render()
 3 APPPATH/Controllers/Main.php(66): view()
 4 SYSTEMPATH/CodeIgniter.php(933): App\Controllers\Main->modifier()
 5 SYSTEMPATH/CodeIgniter.php(509): CodeIgniter\CodeIgniter->runController()
 6 SYSTEMPATH/CodeIgniter.php(355): CodeIgniter\CodeIgniter->handleRequest()
 7 SYSTEMPATH/Boot.php(312): CodeIgniter\CodeIgniter->run()
 8 SYSTEMPATH/Boot.php(67): CodeIgniter\Boot::runCodeIgniter()
 9 FCPATH/index.php(56): CodeIgniter\Boot::bootWeb()
CRITICAL - 2024-04-26 13:44:26 --> ErrorException: Undefined variable $m
[Method: GET, Route: modification/2]
in APPPATH/Views/Modification.php on line 11.
 1 APPPATH/Views/Modification.php(11): CodeIgniter\Debug\Exceptions->errorHandler()
 2 SYSTEMPATH/View/View.php(234): include('/home/mit/InfoMachine/codeigniter/app/Views/Modification.php')
 3 SYSTEMPATH/View/View.php(237): CodeIgniter\View\View->CodeIgniter\View\{closure}()
 4 SYSTEMPATH/Common.php(1171): CodeIgniter\View\View->render()
 5 APPPATH/Controllers/Main.php(66): view()
 6 SYSTEMPATH/CodeIgniter.php(933): App\Controllers\Main->modifier()
 7 SYSTEMPATH/CodeIgniter.php(509): CodeIgniter\CodeIgniter->runController()
 8 SYSTEMPATH/CodeIgniter.php(355): CodeIgniter\CodeIgniter->handleRequest()
 9 SYSTEMPATH/Boot.php(312): CodeIgniter\CodeIgniter->run()
10 SYSTEMPATH/Boot.php(67): CodeIgniter\Boot::runCodeIgniter()
11 FCPATH/index.php(56): CodeIgniter\Boot::bootWeb()
CRITICAL - 2024-04-26 13:44:26 --> ErrorException: Undefined variable $m
[Method: GET, Route: modification/2]
in APPPATH/Views/Modification.php on line 11.
 1 APPPATH/Views/Modification.php(11): CodeIgniter\Debug\Exceptions->errorHandler()
 2 SYSTEMPATH/View/View.php(234): include('/home/mit/InfoMachine/codeigniter/app/Views/Modification.php')
 3 SYSTEMPATH/View/View.php(237): CodeIgniter\View\View->CodeIgniter\View\{closure}()
 4 SYSTEMPATH/Common.php(1171): CodeIgniter\View\View->render()
 5 APPPATH/Controllers/Main.php(66): view()
 6 SYSTEMPATH/CodeIgniter.php(933): App\Controllers\Main->modifier()
 7 SYSTEMPATH/CodeIgniter.php(509): CodeIgniter\CodeIgniter->runController()
 8 SYSTEMPATH/CodeIgniter.php(355): CodeIgniter\CodeIgniter->handleRequest()
 9 SYSTEMPATH/Boot.php(312): CodeIgniter\CodeIgniter->run()
10 SYSTEMPATH/Boot.php(67): CodeIgniter\Boot::runCodeIgniter()
11 FCPATH/index.php(56): CodeIgniter\Boot::bootWeb()
CRITICAL - 2024-04-26 13:44:33 --> ErrorException: Undefined variable $m
[Method: GET, Route: modification/2]
in APPPATH/Views/Modification.php on line 11.
 1 APPPATH/Views/Modification.php(11): CodeIgniter\Debug\Exceptions->errorHandler()
 2 SYSTEMPATH/View/View.php(234): include('/home/mit/InfoMachine/codeigniter/app/Views/Modification.php')
 3 SYSTEMPATH/View/View.php(237): CodeIgniter\View\View->CodeIgniter\View\{closure}()
 4 SYSTEMPATH/Common.php(1171): CodeIgniter\View\View->render()
 5 APPPATH/Controllers/Main.php(66): view()
 6 SYSTEMPATH/CodeIgniter.php(933): App\Controllers\Main->modifier()
 7 SYSTEMPATH/CodeIgniter.php(509): CodeIgniter\CodeIgniter->runController()
 8 SYSTEMPATH/CodeIgniter.php(355): CodeIgniter\CodeIgniter->handleRequest()
 9 SYSTEMPATH/Boot.php(312): CodeIgniter\CodeIgniter->run()
10 SYSTEMPATH/Boot.php(67): CodeIgniter\Boot::runCodeIgniter()
11 FCPATH/index.php(56): CodeIgniter\Boot::bootWeb()
CRITICAL - 2024-04-26 13:58:45 --> TypeError: CodeIgniter\Database\BaseBuilder::getOperatorFromWhereKey(): Argument #1 ($whereKey) must be of type string, int given, called in /home/mit/InfoMachine/codeigniter/system/Database/BaseBuilder.php on line 760
[Method: POST, Route: modifier/2]
in SYSTEMPATH/Database/BaseBuilder.php on line 3453.
 1 SYSTEMPATH/Database/BaseBuilder.php(760): CodeIgniter\Database\BaseBuilder->getOperatorFromWhereKey()
 2 SYSTEMPATH/Database/BaseBuilder.php(701): CodeIgniter\Database\BaseBuilder->whereHaving()
 3 SYSTEMPATH/Model.php(919): CodeIgniter\Database\BaseBuilder->where()
 4 APPPATH/Controllers/Main.php(77): CodeIgniter\Model->__call()
 5 SYSTEMPATH/CodeIgniter.php(933): App\Controllers\Main->modification()
 6 SYSTEMPATH/CodeIgniter.php(509): CodeIgniter\CodeIgniter->runController()
 7 SYSTEMPATH/CodeIgniter.php(355): CodeIgniter\CodeIgniter->handleRequest()
 8 SYSTEMPATH/Boot.php(312): CodeIgniter\CodeIgniter->run()
 9 SYSTEMPATH/Boot.php(67): CodeIgniter\Boot::runCodeIgniter()
10 FCPATH/index.php(56): CodeIgniter\Boot::bootWeb()
CRITICAL - 2024-04-26 13:58:51 --> TypeError: CodeIgniter\Database\BaseBuilder::getOperatorFromWhereKey(): Argument #1 ($whereKey) must be of type string, int given, called in /home/mit/InfoMachine/codeigniter/system/Database/BaseBuilder.php on line 760
[Method: POST, Route: modifier/2]
in SYSTEMPATH/Database/BaseBuilder.php on line 3453.
 1 SYSTEMPATH/Database/BaseBuilder.php(760): CodeIgniter\Database\BaseBuilder->getOperatorFromWhereKey()
 2 SYSTEMPATH/Database/BaseBuilder.php(701): CodeIgniter\Database\BaseBuilder->whereHaving()
 3 SYSTEMPATH/Model.php(919): CodeIgniter\Database\BaseBuilder->where()
 4 APPPATH/Controllers/Main.php(77): CodeIgniter\Model->__call()
 5 SYSTEMPATH/CodeIgniter.php(933): App\Controllers\Main->modification()
 6 SYSTEMPATH/CodeIgniter.php(509): CodeIgniter\CodeIgniter->runController()
 7 SYSTEMPATH/CodeIgniter.php(355): CodeIgniter\CodeIgniter->handleRequest()
 8 SYSTEMPATH/Boot.php(312): CodeIgniter\CodeIgniter->run()
 9 SYSTEMPATH/Boot.php(67): CodeIgniter\Boot::runCodeIgniter()
10 FCPATH/index.php(56): CodeIgniter\Boot::bootWeb()
ERROR - 2024-04-26 13:59:07 --> mysqli_sql_exception: You have an error in your SQL syntax; check the manual that corresponds to your MariaDB server version for the right syntax to use near '`:id` = !:
OR  `mac` LIKE '%aona%' ESCAPE '!'
OR  `ip` LIKE '%123.11.22.34%' ...' at line 3 in /home/mit/InfoMachine/codeigniter/system/Database/MySQLi/Connection.php:308
Stack trace:
#0 /home/mit/InfoMachine/codeigniter/system/Database/MySQLi/Connection.php(308): mysqli->query()
#1 /home/mit/InfoMachine/codeigniter/system/Database/BaseConnection.php(722): CodeIgniter\Database\MySQLi\Connection->execute()
#2 /home/mit/InfoMachine/codeigniter/system/Database/BaseConnection.php(636): CodeIgniter\Database\BaseConnection->simpleQuery()
#3 /home/mit/InfoMachine/codeigniter/system/Database/BaseBuilder.php(1629): CodeIgniter\Database\BaseConnection->query()
#4 /home/mit/InfoMachine/codeigniter/system/Model.php(275): CodeIgniter\Database\BaseBuilder->get()
#5 /home/mit/InfoMachine/codeigniter/system/BaseModel.php(676): CodeIgniter\Model->doFindAll()
#6 /home/mit/InfoMachine/codeigniter/app/Controllers/Main.php(82): CodeIgniter\BaseModel->findAll()
#7 /home/mit/InfoMachine/codeigniter/system/CodeIgniter.php(933): App\Controllers\Main->modification()
#8 /home/mit/InfoMachine/codeigniter/system/CodeIgniter.php(509): CodeIgniter\CodeIgniter->runController()
#9 /home/mit/InfoMachine/codeigniter/system/CodeIgniter.php(355): CodeIgniter\CodeIgniter->handleRequest()
#10 /home/mit/InfoMachine/codeigniter/system/Boot.php(312): CodeIgniter\CodeIgniter->run()
#11 /home/mit/InfoMachine/codeigniter/system/Boot.php(67): CodeIgniter\Boot::runCodeIgniter()
#12 /home/mit/InfoMachine/codeigniter/public/index.php(56): CodeIgniter\Boot::bootWeb()
#13 {main}
CRITICAL - 2024-04-26 13:59:07 --> CodeIgniter\Database\Exceptions\DatabaseException: You have an error in your SQL syntax; check the manual that corresponds to your MariaDB server version for the right syntax to use near '`:id` = !:
OR  `mac` LIKE '%aona%' ESCAPE '!'
OR  `ip` LIKE '%123.11.22.34%' ...' at line 3
[Method: POST, Route: modifier/2]
in SYSTEMPATH/Database/BaseConnection.php on line 676.
 1 SYSTEMPATH/Database/BaseBuilder.php(1629): CodeIgniter\Database\BaseConnection->query()
 2 SYSTEMPATH/Model.php(275): CodeIgniter\Database\BaseBuilder->get()
 3 SYSTEMPATH/BaseModel.php(676): CodeIgniter\Model->doFindAll()
 4 APPPATH/Controllers/Main.php(82): CodeIgniter\BaseModel->findAll()
 5 SYSTEMPATH/CodeIgniter.php(933): App\Controllers\Main->modification()
 6 SYSTEMPATH/CodeIgniter.php(509): CodeIgniter\CodeIgniter->runController()
 7 SYSTEMPATH/CodeIgniter.php(355): CodeIgniter\CodeIgniter->handleRequest()
 8 SYSTEMPATH/Boot.php(312): CodeIgniter\CodeIgniter->run()
 9 SYSTEMPATH/Boot.php(67): CodeIgniter\Boot::runCodeIgniter()
10 FCPATH/index.php(56): CodeIgniter\Boot::bootWeb()
CRITICAL - 2024-04-26 13:59:07 --> [Caused by] CodeIgniter\Database\Exceptions\DatabaseException: You have an error in your SQL syntax; check the manual that corresponds to your MariaDB server version for the right syntax to use near '`:id` = !:
OR  `mac` LIKE '%aona%' ESCAPE '!'
OR  `ip` LIKE '%123.11.22.34%' ...' at line 3
in SYSTEMPATH/Database/MySQLi/Connection.php on line 313.
 1 SYSTEMPATH/Database/BaseConnection.php(722): CodeIgniter\Database\MySQLi\Connection->execute()
 2 SYSTEMPATH/Database/BaseConnection.php(636): CodeIgniter\Database\BaseConnection->simpleQuery()
 3 SYSTEMPATH/Database/BaseBuilder.php(1629): CodeIgniter\Database\BaseConnection->query()
 4 SYSTEMPATH/Model.php(275): CodeIgniter\Database\BaseBuilder->get()
 5 SYSTEMPATH/BaseModel.php(676): CodeIgniter\Model->doFindAll()
 6 APPPATH/Controllers/Main.php(82): CodeIgniter\BaseModel->findAll()
 7 SYSTEMPATH/CodeIgniter.php(933): App\Controllers\Main->modification()
 8 SYSTEMPATH/CodeIgniter.php(509): CodeIgniter\CodeIgniter->runController()
 9 SYSTEMPATH/CodeIgniter.php(355): CodeIgniter\CodeIgniter->handleRequest()
10 SYSTEMPATH/Boot.php(312): CodeIgniter\CodeIgniter->run()
11 SYSTEMPATH/Boot.php(67): CodeIgniter\Boot::runCodeIgniter()
12 FCPATH/index.php(56): CodeIgniter\Boot::bootWeb()
CRITICAL - 2024-04-26 13:59:07 --> [Caused by] mysqli_sql_exception: You have an error in your SQL syntax; check the manual that corresponds to your MariaDB server version for the right syntax to use near '`:id` = !:
OR  `mac` LIKE '%aona%' ESCAPE '!'
OR  `ip` LIKE '%123.11.22.34%' ...' at line 3
in SYSTEMPATH/Database/MySQLi/Connection.php on line 308.
 1 SYSTEMPATH/Database/MySQLi/Connection.php(308): mysqli->query()
 2 SYSTEMPATH/Database/BaseConnection.php(722): CodeIgniter\Database\MySQLi\Connection->execute()
 3 SYSTEMPATH/Database/BaseConnection.php(636): CodeIgniter\Database\BaseConnection->simpleQuery()
 4 SYSTEMPATH/Database/BaseBuilder.php(1629): CodeIgniter\Database\BaseConnection->query()
 5 SYSTEMPATH/Model.php(275): CodeIgniter\Database\BaseBuilder->get()
 6 SYSTEMPATH/BaseModel.php(676): CodeIgniter\Model->doFindAll()
 7 APPPATH/Controllers/Main.php(82): CodeIgniter\BaseModel->findAll()
 8 SYSTEMPATH/CodeIgniter.php(933): App\Controllers\Main->modification()
 9 SYSTEMPATH/CodeIgniter.php(509): CodeIgniter\CodeIgniter->runController()
10 SYSTEMPATH/CodeIgniter.php(355): CodeIgniter\CodeIgniter->handleRequest()
11 SYSTEMPATH/Boot.php(312): CodeIgniter\CodeIgniter->run()
12 SYSTEMPATH/Boot.php(67): CodeIgniter\Boot::runCodeIgniter()
13 FCPATH/index.php(56): CodeIgniter\Boot::bootWeb()
ERROR - 2024-04-26 13:59:48 --> mysqli_sql_exception: You have an error in your SQL syntax; check the manual that corresponds to your MariaDB server version for the right syntax to use near '`:id` = !:
OR  `mac` LIKE '%aona%' ESCAPE '!'
OR  `ip` LIKE '%123.11.22.34%' ...' at line 3 in /home/mit/InfoMachine/codeigniter/system/Database/MySQLi/Connection.php:308
Stack trace:
#0 /home/mit/InfoMachine/codeigniter/system/Database/MySQLi/Connection.php(308): mysqli->query()
#1 /home/mit/InfoMachine/codeigniter/system/Database/BaseConnection.php(722): CodeIgniter\Database\MySQLi\Connection->execute()
#2 /home/mit/InfoMachine/codeigniter/system/Database/BaseConnection.php(636): CodeIgniter\Database\BaseConnection->simpleQuery()
#3 /home/mit/InfoMachine/codeigniter/system/Database/BaseBuilder.php(1629): CodeIgniter\Database\BaseConnection->query()
#4 /home/mit/InfoMachine/codeigniter/system/Model.php(275): CodeIgniter\Database\BaseBuilder->get()
#5 /home/mit/InfoMachine/codeigniter/system/BaseModel.php(676): CodeIgniter\Model->doFindAll()
#6 /home/mit/InfoMachine/codeigniter/app/Controllers/Main.php(82): CodeIgniter\BaseModel->findAll()
#7 /home/mit/InfoMachine/codeigniter/system/CodeIgniter.php(933): App\Controllers\Main->modification()
#8 /home/mit/InfoMachine/codeigniter/system/CodeIgniter.php(509): CodeIgniter\CodeIgniter->runController()
#9 /home/mit/InfoMachine/codeigniter/system/CodeIgniter.php(355): CodeIgniter\CodeIgniter->handleRequest()
#10 /home/mit/InfoMachine/codeigniter/system/Boot.php(312): CodeIgniter\CodeIgniter->run()
#11 /home/mit/InfoMachine/codeigniter/system/Boot.php(67): CodeIgniter\Boot::runCodeIgniter()
#12 /home/mit/InfoMachine/codeigniter/public/index.php(56): CodeIgniter\Boot::bootWeb()
#13 {main}
CRITICAL - 2024-04-26 13:59:48 --> CodeIgniter\Database\Exceptions\DatabaseException: You have an error in your SQL syntax; check the manual that corresponds to your MariaDB server version for the right syntax to use near '`:id` = !:
OR  `mac` LIKE '%aona%' ESCAPE '!'
OR  `ip` LIKE '%123.11.22.34%' ...' at line 3
[Method: POST, Route: modifier/2]
in SYSTEMPATH/Database/BaseConnection.php on line 676.
 1 SYSTEMPATH/Database/BaseBuilder.php(1629): CodeIgniter\Database\BaseConnection->query()
 2 SYSTEMPATH/Model.php(275): CodeIgniter\Database\BaseBuilder->get()
 3 SYSTEMPATH/BaseModel.php(676): CodeIgniter\Model->doFindAll()
 4 APPPATH/Controllers/Main.php(82): CodeIgniter\BaseModel->findAll()
 5 SYSTEMPATH/CodeIgniter.php(933): App\Controllers\Main->modification()
 6 SYSTEMPATH/CodeIgniter.php(509): CodeIgniter\CodeIgniter->runController()
 7 SYSTEMPATH/CodeIgniter.php(355): CodeIgniter\CodeIgniter->handleRequest()
 8 SYSTEMPATH/Boot.php(312): CodeIgniter\CodeIgniter->run()
 9 SYSTEMPATH/Boot.php(67): CodeIgniter\Boot::runCodeIgniter()
10 FCPATH/index.php(56): CodeIgniter\Boot::bootWeb()
CRITICAL - 2024-04-26 13:59:48 --> [Caused by] CodeIgniter\Database\Exceptions\DatabaseException: You have an error in your SQL syntax; check the manual that corresponds to your MariaDB server version for the right syntax to use near '`:id` = !:
OR  `mac` LIKE '%aona%' ESCAPE '!'
OR  `ip` LIKE '%123.11.22.34%' ...' at line 3
in SYSTEMPATH/Database/MySQLi/Connection.php on line 313.
 1 SYSTEMPATH/Database/BaseConnection.php(722): CodeIgniter\Database\MySQLi\Connection->execute()
 2 SYSTEMPATH/Database/BaseConnection.php(636): CodeIgniter\Database\BaseConnection->simpleQuery()
 3 SYSTEMPATH/Database/BaseBuilder.php(1629): CodeIgniter\Database\BaseConnection->query()
 4 SYSTEMPATH/Model.php(275): CodeIgniter\Database\BaseBuilder->get()
 5 SYSTEMPATH/BaseModel.php(676): CodeIgniter\Model->doFindAll()
 6 APPPATH/Controllers/Main.php(82): CodeIgniter\BaseModel->findAll()
 7 SYSTEMPATH/CodeIgniter.php(933): App\Controllers\Main->modification()
 8 SYSTEMPATH/CodeIgniter.php(509): CodeIgniter\CodeIgniter->runController()
 9 SYSTEMPATH/CodeIgniter.php(355): CodeIgniter\CodeIgniter->handleRequest()
10 SYSTEMPATH/Boot.php(312): CodeIgniter\CodeIgniter->run()
11 SYSTEMPATH/Boot.php(67): CodeIgniter\Boot::runCodeIgniter()
12 FCPATH/index.php(56): CodeIgniter\Boot::bootWeb()
CRITICAL - 2024-04-26 13:59:48 --> [Caused by] mysqli_sql_exception: You have an error in your SQL syntax; check the manual that corresponds to your MariaDB server version for the right syntax to use near '`:id` = !:
OR  `mac` LIKE '%aona%' ESCAPE '!'
OR  `ip` LIKE '%123.11.22.34%' ...' at line 3
in SYSTEMPATH/Database/MySQLi/Connection.php on line 308.
 1 SYSTEMPATH/Database/MySQLi/Connection.php(308): mysqli->query()
 2 SYSTEMPATH/Database/BaseConnection.php(722): CodeIgniter\Database\MySQLi\Connection->execute()
 3 SYSTEMPATH/Database/BaseConnection.php(636): CodeIgniter\Database\BaseConnection->simpleQuery()
 4 SYSTEMPATH/Database/BaseBuilder.php(1629): CodeIgniter\Database\BaseConnection->query()
 5 SYSTEMPATH/Model.php(275): CodeIgniter\Database\BaseBuilder->get()
 6 SYSTEMPATH/BaseModel.php(676): CodeIgniter\Model->doFindAll()
 7 APPPATH/Controllers/Main.php(82): CodeIgniter\BaseModel->findAll()
 8 SYSTEMPATH/CodeIgniter.php(933): App\Controllers\Main->modification()
 9 SYSTEMPATH/CodeIgniter.php(509): CodeIgniter\CodeIgniter->runController()
10 SYSTEMPATH/CodeIgniter.php(355): CodeIgniter\CodeIgniter->handleRequest()
11 SYSTEMPATH/Boot.php(312): CodeIgniter\CodeIgniter->run()
12 SYSTEMPATH/Boot.php(67): CodeIgniter\Boot::runCodeIgniter()
13 FCPATH/index.php(56): CodeIgniter\Boot::bootWeb()
CRITICAL - 2024-04-26 14:03:32 --> BadMethodCallException: Call to undefined method App\Models\Machine::andLike
[Method: POST, Route: modifier/2]
in SYSTEMPATH/Model.php on line 921.
 1 APPPATH/Controllers/Main.php(78): CodeIgniter\Model->__call()
 2 SYSTEMPATH/CodeIgniter.php(933): App\Controllers\Main->modification()
 3 SYSTEMPATH/CodeIgniter.php(509): CodeIgniter\CodeIgniter->runController()
 4 SYSTEMPATH/CodeIgniter.php(355): CodeIgniter\CodeIgniter->handleRequest()
 5 SYSTEMPATH/Boot.php(312): CodeIgniter\CodeIgniter->run()
 6 SYSTEMPATH/Boot.php(67): CodeIgniter\Boot::runCodeIgniter()
 7 FCPATH/index.php(56): CodeIgniter\Boot::bootWeb()
CRITICAL - 2024-04-26 14:05:35 --> TypeError: CodeIgniter\Database\BaseBuilder::where(): Argument #3 ($escape) must be of type ?bool, string given, called in /home/mit/InfoMachine/codeigniter/system/Model.php on line 919
[Method: POST, Route: modifier/2]
in SYSTEMPATH/Database/BaseBuilder.php on line 699.
 1 SYSTEMPATH/Model.php(919): CodeIgniter\Database\BaseBuilder->where()
 2 APPPATH/Controllers/Main.php(77): CodeIgniter\Model->__call()
 3 SYSTEMPATH/CodeIgniter.php(933): App\Controllers\Main->modification()
 4 SYSTEMPATH/CodeIgniter.php(509): CodeIgniter\CodeIgniter->runController()
 5 SYSTEMPATH/CodeIgniter.php(355): CodeIgniter\CodeIgniter->handleRequest()
 6 SYSTEMPATH/Boot.php(312): CodeIgniter\CodeIgniter->run()
 7 SYSTEMPATH/Boot.php(67): CodeIgniter\Boot::runCodeIgniter()
 8 FCPATH/index.php(56): CodeIgniter\Boot::bootWeb()
CRITICAL - 2024-04-26 14:05:50 --> TypeError: CodeIgniter\Database\BaseBuilder::where(): Argument #3 ($escape) must be of type ?bool, string given, called in /home/mit/InfoMachine/codeigniter/system/Model.php on line 919
[Method: POST, Route: modifier/2]
in SYSTEMPATH/Database/BaseBuilder.php on line 699.
 1 SYSTEMPATH/Model.php(919): CodeIgniter\Database\BaseBuilder->where()
 2 APPPATH/Controllers/Main.php(77): CodeIgniter\Model->__call()
 3 SYSTEMPATH/CodeIgniter.php(933): App\Controllers\Main->modification()
 4 SYSTEMPATH/CodeIgniter.php(509): CodeIgniter\CodeIgniter->runController()
 5 SYSTEMPATH/CodeIgniter.php(355): CodeIgniter\CodeIgniter->handleRequest()
 6 SYSTEMPATH/Boot.php(312): CodeIgniter\CodeIgniter->run()
 7 SYSTEMPATH/Boot.php(67): CodeIgniter\Boot::runCodeIgniter()
 8 FCPATH/index.php(56): CodeIgniter\Boot::bootWeb()
CRITICAL - 2024-04-26 14:06:57 --> TypeError: CodeIgniter\Database\BaseBuilder::where(): Argument #3 ($escape) must be of type ?bool, string given, called in /home/mit/InfoMachine/codeigniter/system/Model.php on line 919
[Method: POST, Route: modifier/2]
in SYSTEMPATH/Database/BaseBuilder.php on line 699.
 1 SYSTEMPATH/Model.php(919): CodeIgniter\Database\BaseBuilder->where()
 2 APPPATH/Controllers/Main.php(77): CodeIgniter\Model->__call()
 3 SYSTEMPATH/CodeIgniter.php(933): App\Controllers\Main->modification()
 4 SYSTEMPATH/CodeIgniter.php(509): CodeIgniter\CodeIgniter->runController()
 5 SYSTEMPATH/CodeIgniter.php(355): CodeIgniter\CodeIgniter->handleRequest()
 6 SYSTEMPATH/Boot.php(312): CodeIgniter\CodeIgniter->run()
 7 SYSTEMPATH/Boot.php(67): CodeIgniter\Boot::runCodeIgniter()
 8 FCPATH/index.php(56): CodeIgniter\Boot::bootWeb()
CRITICAL - 2024-04-26 14:07:10 --> TypeError: CodeIgniter\Database\BaseBuilder::where(): Argument #3 ($escape) must be of type ?bool, string given, called in /home/mit/InfoMachine/codeigniter/system/Model.php on line 919
[Method: POST, Route: modifier/2]
in SYSTEMPATH/Database/BaseBuilder.php on line 699.
 1 SYSTEMPATH/Model.php(919): CodeIgniter\Database\BaseBuilder->where()
 2 APPPATH/Controllers/Main.php(77): CodeIgniter\Model->__call()
 3 SYSTEMPATH/CodeIgniter.php(933): App\Controllers\Main->modification()
 4 SYSTEMPATH/CodeIgniter.php(509): CodeIgniter\CodeIgniter->runController()
 5 SYSTEMPATH/CodeIgniter.php(355): CodeIgniter\CodeIgniter->handleRequest()
 6 SYSTEMPATH/Boot.php(312): CodeIgniter\CodeIgniter->run()
 7 SYSTEMPATH/Boot.php(67): CodeIgniter\Boot::runCodeIgniter()
 8 FCPATH/index.php(56): CodeIgniter\Boot::bootWeb()
CRITICAL - 2024-04-26 14:07:21 --> ParseError: syntax error, unexpected token "!=", expecting ")"
[Method: POST, Route: modifier/2]
in APPPATH/Controllers/Main.php on line 77.
 1 SYSTEMPATH/Autoloader/Autoloader.php(296): CodeIgniter\Autoloader\Autoloader->includeFile()
 2 SYSTEMPATH/Autoloader/Autoloader.php(272): CodeIgniter\Autoloader\Autoloader->loadInNamespace()
 3 [internal function]: CodeIgniter\Autoloader\Autoloader->loadClass()
 4 SYSTEMPATH/CodeIgniter.php(887): class_exists()
 5 SYSTEMPATH/CodeIgniter.php(496): CodeIgniter\CodeIgniter->startController()
 6 SYSTEMPATH/CodeIgniter.php(355): CodeIgniter\CodeIgniter->handleRequest()
 7 SYSTEMPATH/Boot.php(312): CodeIgniter\CodeIgniter->run()
 8 SYSTEMPATH/Boot.php(67): CodeIgniter\Boot::runCodeIgniter()
 9 FCPATH/index.php(56): CodeIgniter\Boot::bootWeb()
CRITICAL - 2024-04-26 14:07:50 --> BadMethodCallException: Call to undefined method App\Models\Machine::andLike
[Method: POST, Route: modifier/2]
in SYSTEMPATH/Model.php on line 921.
 1 APPPATH/Controllers/Main.php(78): CodeIgniter\Model->__call()
 2 SYSTEMPATH/CodeIgniter.php(933): App\Controllers\Main->modification()
 3 SYSTEMPATH/CodeIgniter.php(509): CodeIgniter\CodeIgniter->runController()
 4 SYSTEMPATH/CodeIgniter.php(355): CodeIgniter\CodeIgniter->handleRequest()
 5 SYSTEMPATH/Boot.php(312): CodeIgniter\CodeIgniter->run()
 6 SYSTEMPATH/Boot.php(67): CodeIgniter\Boot::runCodeIgniter()
 7 FCPATH/index.php(56): CodeIgniter\Boot::bootWeb()
